<?xml version="1.0" encoding="UTF-8"?>
<testsuite xmlns:xsi="http://www.w3.org/2001/XMLSchema-instance" xsi:noNamespaceSchemaLocation="https://maven.apache.org/surefire/maven-surefire-plugin/xsd/surefire-test-report-3.0.xsd" version="3.0" name="bank.BankAccountTests" time="0.034" tests="6" errors="0" skipped="0" failures="0">
  <properties>
[...]
</properties>
  <testcase name="testToString" classname="bank.BankAccountTests" time="0.002"/>
  <testcase name="testWithdraw" classname="bank.BankAccountTests" time="0.002"/>
  <testcase name="testGetBalance" classname="bank.BankAccountTests" time="0.002"/>
  <testcase name="testGetAmount" classname="bank.BankAccountTests" time="0.003"/>
  <testcase name="testDeposit" classname="bank.BankAccountTests" time="0.004"/>
  <testcase name="testSetBalance" classname="bank.BankAccountTests" time="0.006"/>
</testsuite>